02-12 23:28:28 com_github_MitjaNemec_ReplicateLayout.action_replicate_layout 409:Plugin executed on: 'darwin'
02-12 23:28:28 com_github_MitjaNemec_ReplicateLayout.action_replicate_layout 410:Plugin executed with python version: '3.9.13 (v3.9.13:6de2ca5339, May 17 2022, 11:37:23) \n[Clang 13.0.0 (clang-1300.0.29.30)]'
02-12 23:28:28 com_github_MitjaNemec_ReplicateLayout.action_replicate_layout 411:KiCad build version: 9.0.7
02-12 23:28:28 com_github_MitjaNemec_ReplicateLayout.action_replicate_layout 412:Plugin version: 4.0.3
02-12 23:28:28 com_github_MitjaNemec_ReplicateLayout.action_replicate_layout 413:Frame repr: <wx._core.Frame object at 0x125b133a0>
02-12 23:28:28 com_github_MitjaNemec_ReplicateLayout.action_replicate_layout 437:Preparing replicator with D21 as a reference
02-12 23:28:28 com_github_MitjaNemec_ReplicateLayout.replicate_layout 117:getting a list of all footprints on board
02-12 23:28:28 com_github_MitjaNemec_ReplicateLayout.action_replicate_layout 485:source anchor footprint is 'D21'
Located on: ['/BMS-Fault-Passthru/']
With filenames: ['Fault-Passthru.kicad_sch']
With sheet_id:['/BMS-Fault-Passthru/']
02-12 23:28:28 com_github_MitjaNemec_ReplicateLayout.action_replicate_layout 492:Corresponding footprints are 
[('D25', ['/IMD-Fault-Passthru/']), ('D21', ['/BMS-Fault-Passthru/'])]
02-12 23:28:28 com_github_MitjaNemec_ReplicateLayout.action_replicate_layout 504:Showing dialog
02-12 23:28:28 com_github_MitjaNemec_ReplicateLayout.replicate_layout 472:constructing a list of sheets suitable for replication on level:'/BMS-Fault-Passthru/', file:'Fault-Passthru.kicad_sch'
02-12 23:28:28 com_github_MitjaNemec_ReplicateLayout.replicate_layout 509:suitable sheets are:[['/IMD-Fault-Passthru/']]
02-12 23:28:28 com_github_MitjaNemec_ReplicateLayout.replicate_layout 1512:Level selected: ['/BMS-Fault-Passthru/']
02-12 23:28:28 com_github_MitjaNemec_ReplicateLayout.replicate_layout 1336:Filtering list of tracks
02-12 23:28:28 com_github_MitjaNemec_ReplicateLayout.action_replicate_layout 510:Toolbar position: wx.Point(1478, 95)
02-12 23:28:28 com_github_MitjaNemec_ReplicateLayout.action_replicate_layout 515:Dialog position: wx.Point(1039, 95)
02-12 23:28:54 com_github_MitjaNemec_ReplicateLayout.replicate_layout 472:constructing a list of sheets suitable for replication on level:'/BMS-Fault-Passthru/', file:'Fault-Passthru.kicad_sch'
02-12 23:28:54 com_github_MitjaNemec_ReplicateLayout.replicate_layout 509:suitable sheets are:[['/IMD-Fault-Passthru/']]
02-12 23:28:54 com_github_MitjaNemec_ReplicateLayout.action_replicate_layout 248:Replicating layout
02-12 23:28:54 com_github_MitjaNemec_ReplicateLayout.replicate_layout 288:Starting replication of sheets: [['/IMD-Fault-Passthru/']]
on level: ['/BMS-Fault-Passthru/']
with tracks=True, zone=True, text=True, text=True, intersecting=False, remove=False, locked footprints=False, group_only=False
02-12 23:28:54 root 340:updating GUI message: 'Preparing for replication'
02-12 23:28:54 root 345:updating GUI with: 0
02-12 23:28:54 com_github_MitjaNemec_ReplicateLayout.replicate_layout 358:Getting the list of source footprints
02-12 23:28:54 root 345:updating GUI with: 0
02-12 23:28:54 com_github_MitjaNemec_ReplicateLayout.replicate_layout 368:Getting the list of all the remaining footprints
02-12 23:28:54 com_github_MitjaNemec_ReplicateLayout.replicate_layout 375:Getting source tracks
02-12 23:28:54 com_github_MitjaNemec_ReplicateLayout.replicate_layout 1336:Filtering list of tracks
02-12 23:28:54 com_github_MitjaNemec_ReplicateLayout.replicate_layout 379:Getting source zones
02-12 23:28:54 com_github_MitjaNemec_ReplicateLayout.replicate_layout 383:Getting source text items
02-12 23:28:54 com_github_MitjaNemec_ReplicateLayout.replicate_layout 387:Getting source drawing items
02-12 23:28:54 root 340:updating GUI message: 'Replicating footprints'
02-12 23:28:54 com_github_MitjaNemec_ReplicateLayout.replicate_layout 863:Replicating footprints
02-12 23:28:54 com_github_MitjaNemec_ReplicateLayout.replicate_layout 870:Replicating footprints on sheet ['/IMD-Fault-Passthru/']
02-12 23:28:54 com_github_MitjaNemec_ReplicateLayout.replicate_layout 835:Src fp.id: 'CE703733-5FE2-4E7A-AC44-07EA9E9CF8CC'
02-12 23:28:54 com_github_MitjaNemec_ReplicateLayout.replicate_layout 839:Dst fp.id: 'CE703733-5FE2-4E7A-AC44-07EA9E9CF8CC'
02-12 23:28:54 com_github_MitjaNemec_ReplicateLayout.replicate_layout 888:Replicating footprint: 'D24'
02-12 23:28:54 root 345:updating GUI with: 8
02-12 23:28:54 com_github_MitjaNemec_ReplicateLayout.replicate_layout 835:Src fp.id: 'D1110E32-B0FF-4C87-AB14-A3EF47096409'
02-12 23:28:54 com_github_MitjaNemec_ReplicateLayout.replicate_layout 839:Dst fp.id: 'D1110E32-B0FF-4C87-AB14-A3EF47096409'
02-12 23:28:54 com_github_MitjaNemec_ReplicateLayout.replicate_layout 895:found match in dst footprint: 'D28'
02-12 23:28:54 com_github_MitjaNemec_ReplicateLayout.replicate_layout 990:Src text UUid:e5d46611-e8b4-46c8-8cc5-422bded30aea
02-12 23:28:54 com_github_MitjaNemec_ReplicateLayout.replicate_layout 991:Dst text UUid:b79a8ab2-c6f1-4d79-abf9-d035cd6ea253
02-12 23:28:54 com_github_MitjaNemec_ReplicateLayout.replicate_layout 990:Src text UUid:1d022728-8e82-4a36-9ed9-231c80ed25d4
02-12 23:28:54 com_github_MitjaNemec_ReplicateLayout.replicate_layout 991:Dst text UUid:e2e90a8c-6214-495b-865d-a5f875b2b3ec
02-12 23:28:54 com_github_MitjaNemec_ReplicateLayout.replicate_layout 990:Src text UUid:673d0de2-e7a0-4ed6-a044-52e510101435
02-12 23:28:54 com_github_MitjaNemec_ReplicateLayout.replicate_layout 991:Dst text UUid:89401535-d273-4d43-937c-d1fb4bbcd0a0
02-12 23:28:54 com_github_MitjaNemec_ReplicateLayout.replicate_layout 888:Replicating footprint: 'R40'
02-12 23:28:54 com_github_MitjaNemec_ReplicateLayout.replicate_layout 835:Src fp.id: '22241B20-6ED6-412C-B01C-DF7BF1375546'
02-12 23:28:54 com_github_MitjaNemec_ReplicateLayout.replicate_layout 839:Dst fp.id: '22241B20-6ED6-412C-B01C-DF7BF1375546'
02-12 23:28:54 com_github_MitjaNemec_ReplicateLayout.replicate_layout 895:found match in dst footprint: 'R46'
02-12 23:28:54 com_github_MitjaNemec_ReplicateLayout.replicate_layout 990:Src text UUid:4d05cd3e-a725-4637-9e57-cd4a87e29cf0
02-12 23:28:54 com_github_MitjaNemec_ReplicateLayout.replicate_layout 991:Dst text UUid:82e87156-7afb-4eda-86da-f282da3641f7
02-12 23:28:54 com_github_MitjaNemec_ReplicateLayout.replicate_layout 990:Src text UUid:682b3c7d-53d5-4429-85c8-6b798fc4feb9
02-12 23:28:54 com_github_MitjaNemec_ReplicateLayout.replicate_layout 991:Dst text UUid:d5c3abc0-0180-4025-a147-e9ce1df34379
02-12 23:28:54 com_github_MitjaNemec_ReplicateLayout.replicate_layout 990:Src text UUid:b4357897-9a52-4937-95ec-b3cdd46db380
02-12 23:28:54 com_github_MitjaNemec_ReplicateLayout.replicate_layout 991:Dst text UUid:aaa35dd8-da36-4e34-98cd-27445bac40e7
02-12 23:28:54 com_github_MitjaNemec_ReplicateLayout.replicate_layout 888:Replicating footprint: 'R41'
02-12 23:28:54 com_github_MitjaNemec_ReplicateLayout.replicate_layout 835:Src fp.id: '78013285-4817-4CD7-9FBF-D7CF8CED4E59'
02-12 23:28:54 com_github_MitjaNemec_ReplicateLayout.replicate_layout 839:Dst fp.id: '78013285-4817-4CD7-9FBF-D7CF8CED4E59'
02-12 23:28:54 com_github_MitjaNemec_ReplicateLayout.replicate_layout 895:found match in dst footprint: 'R47'
02-12 23:28:54 com_github_MitjaNemec_ReplicateLayout.replicate_layout 990:Src text UUid:4c511661-1c0d-4472-b040-0e78250f196f
02-12 23:28:54 com_github_MitjaNemec_ReplicateLayout.replicate_layout 991:Dst text UUid:3ba71d70-9095-4f49-879f-de24b58e1035
02-12 23:28:54 com_github_MitjaNemec_ReplicateLayout.replicate_layout 990:Src text UUid:7494162a-89da-46ae-9593-b94ce1b3c271
02-12 23:28:54 com_github_MitjaNemec_ReplicateLayout.replicate_layout 991:Dst text UUid:01b6ed35-8c54-4326-b58b-64ee6fb72441
02-12 23:28:54 com_github_MitjaNemec_ReplicateLayout.replicate_layout 990:Src text UUid:63ef32c9-6e7c-4b00-b41c-7888dea80ba5
02-12 23:28:54 com_github_MitjaNemec_ReplicateLayout.replicate_layout 991:Dst text UUid:78bbe547-7107-4004-a725-35e679b0c0dc
02-12 23:28:54 com_github_MitjaNemec_ReplicateLayout.replicate_layout 888:Replicating footprint: 'R37'
02-12 23:28:54 com_github_MitjaNemec_ReplicateLayout.replicate_layout 835:Src fp.id: '5C6CDCC3-74E4-4EF9-B7F7-CB14D0961AE7'
02-12 23:28:54 com_github_MitjaNemec_ReplicateLayout.replicate_layout 839:Dst fp.id: '5C6CDCC3-74E4-4EF9-B7F7-CB14D0961AE7'
02-12 23:28:54 com_github_MitjaNemec_ReplicateLayout.replicate_layout 895:found match in dst footprint: 'R43'
02-12 23:28:54 com_github_MitjaNemec_ReplicateLayout.replicate_layout 990:Src text UUid:efdc4dcb-3bb8-41d4-8279-e6ab4809d2b4
02-12 23:28:54 com_github_MitjaNemec_ReplicateLayout.replicate_layout 991:Dst text UUid:f713cc92-eaa5-42f8-9c1a-45d219282985
02-12 23:28:54 com_github_MitjaNemec_ReplicateLayout.replicate_layout 990:Src text UUid:5175a057-ca00-41cd-96d5-830beab2a4fd
02-12 23:28:54 com_github_MitjaNemec_ReplicateLayout.replicate_layout 991:Dst text UUid:a6e6f648-94e1-492f-9090-13098dd122b1
02-12 23:28:54 com_github_MitjaNemec_ReplicateLayout.replicate_layout 990:Src text UUid:f4deddea-f050-4be4-9711-a8a0c3f66c7e
02-12 23:28:54 com_github_MitjaNemec_ReplicateLayout.replicate_layout 991:Dst text UUid:ec8ae066-d29d-4517-b046-d35b1fefcd27
02-12 23:28:54 com_github_MitjaNemec_ReplicateLayout.replicate_layout 888:Replicating footprint: 'D22'
02-12 23:28:54 com_github_MitjaNemec_ReplicateLayout.replicate_layout 835:Src fp.id: 'DE59EB70-35B6-498C-9E00-8C05AB55F325'
02-12 23:28:54 com_github_MitjaNemec_ReplicateLayout.replicate_layout 839:Dst fp.id: 'DE59EB70-35B6-498C-9E00-8C05AB55F325'
02-12 23:28:54 com_github_MitjaNemec_ReplicateLayout.replicate_layout 895:found match in dst footprint: 'D26'
02-12 23:28:54 com_github_MitjaNemec_ReplicateLayout.replicate_layout 990:Src text UUid:b7f87a75-03d1-4abb-80cf-707dcfb8b221
02-12 23:28:54 com_github_MitjaNemec_ReplicateLayout.replicate_layout 991:Dst text UUid:5641c051-3ca1-4604-901b-684a9be44451
02-12 23:28:54 com_github_MitjaNemec_ReplicateLayout.replicate_layout 990:Src text UUid:4bafb408-6538-45cf-af2e-7f2d5e8fbc18
02-12 23:28:54 com_github_MitjaNemec_ReplicateLayout.replicate_layout 991:Dst text UUid:3f2a3331-04f5-43b8-be74-d54295d6ea3f
02-12 23:28:54 com_github_MitjaNemec_ReplicateLayout.replicate_layout 990:Src text UUid:33309cf8-0b28-4ff6-a1c4-2f220e60f175
02-12 23:28:54 com_github_MitjaNemec_ReplicateLayout.replicate_layout 991:Dst text UUid:a9b823e8-4f2e-4a1a-8d0f-093e2a225c4d
02-12 23:28:54 com_github_MitjaNemec_ReplicateLayout.replicate_layout 888:Replicating footprint: 'Q12'
02-12 23:28:54 com_github_MitjaNemec_ReplicateLayout.replicate_layout 835:Src fp.id: 'E63F55C4-9863-4401-9D0A-8F5A1DEEB3DE'
02-12 23:28:54 com_github_MitjaNemec_ReplicateLayout.replicate_layout 839:Dst fp.id: 'E63F55C4-9863-4401-9D0A-8F5A1DEEB3DE'
02-12 23:28:54 com_github_MitjaNemec_ReplicateLayout.replicate_layout 895:found match in dst footprint: 'Q14'
02-12 23:28:54 com_github_MitjaNemec_ReplicateLayout.replicate_layout 990:Src text UUid:f05323a6-2c63-492e-9c72-9c0892f616bb
02-12 23:28:54 com_github_MitjaNemec_ReplicateLayout.replicate_layout 991:Dst text UUid:1ba5e518-40fb-4cc3-bf6f-6c6295c90568
02-12 23:28:54 com_github_MitjaNemec_ReplicateLayout.replicate_layout 990:Src text UUid:0735a1b3-7058-45cb-9659-4af1aa29743b
02-12 23:28:54 com_github_MitjaNemec_ReplicateLayout.replicate_layout 991:Dst text UUid:1c7752ff-c692-48f2-a775-4b1d1ed32420
02-12 23:28:54 com_github_MitjaNemec_ReplicateLayout.replicate_layout 990:Src text UUid:731635f2-7f5d-4240-9025-70d809e5f22f
02-12 23:28:54 com_github_MitjaNemec_ReplicateLayout.replicate_layout 991:Dst text UUid:99b4b8a4-232c-49d3-8bc1-e6188d476caa
02-12 23:28:54 com_github_MitjaNemec_ReplicateLayout.replicate_layout 888:Replicating footprint: 'R42'
02-12 23:28:54 com_github_MitjaNemec_ReplicateLayout.replicate_layout 835:Src fp.id: '35437410-6132-46D5-9282-A7D6BF95B4DD'
02-12 23:28:54 com_github_MitjaNemec_ReplicateLayout.replicate_layout 839:Dst fp.id: '35437410-6132-46D5-9282-A7D6BF95B4DD'
02-12 23:28:54 com_github_MitjaNemec_ReplicateLayout.replicate_layout 895:found match in dst footprint: 'R48'
02-12 23:28:54 com_github_MitjaNemec_ReplicateLayout.replicate_layout 990:Src text UUid:acd88c73-8edf-411f-a08d-e098f1ad68f6
02-12 23:28:54 com_github_MitjaNemec_ReplicateLayout.replicate_layout 991:Dst text UUid:4fada755-81c7-4b51-9807-5363290a3fb8
02-12 23:28:54 com_github_MitjaNemec_ReplicateLayout.replicate_layout 990:Src text UUid:4dcc355c-6f5e-4af5-a67f-b32b51fa5aeb
02-12 23:28:54 com_github_MitjaNemec_ReplicateLayout.replicate_layout 991:Dst text UUid:ca588261-0c58-44b2-ae9b-a86e5c1f7118
02-12 23:28:54 com_github_MitjaNemec_ReplicateLayout.replicate_layout 990:Src text UUid:fe6addd0-32f6-4c55-a604-ec0bf5621c92
02-12 23:28:54 com_github_MitjaNemec_ReplicateLayout.replicate_layout 991:Dst text UUid:295acce4-c52e-4c8b-b6aa-53d8d29480f6
02-12 23:28:54 com_github_MitjaNemec_ReplicateLayout.replicate_layout 888:Replicating footprint: 'R39'
02-12 23:28:54 com_github_MitjaNemec_ReplicateLayout.replicate_layout 835:Src fp.id: '915219A8-CE44-4839-975D-1FE6D6B1FE49'
02-12 23:28:54 com_github_MitjaNemec_ReplicateLayout.replicate_layout 839:Dst fp.id: '915219A8-CE44-4839-975D-1FE6D6B1FE49'
02-12 23:28:54 com_github_MitjaNemec_ReplicateLayout.replicate_layout 895:found match in dst footprint: 'R45'
02-12 23:28:54 com_github_MitjaNemec_ReplicateLayout.replicate_layout 990:Src text UUid:f587d9ec-324a-4b66-8119-f46a9b18f4de
02-12 23:28:54 com_github_MitjaNemec_ReplicateLayout.replicate_layout 991:Dst text UUid:8b52610f-c660-4ea4-9039-23db441fadc2
02-12 23:28:54 com_github_MitjaNemec_ReplicateLayout.replicate_layout 990:Src text UUid:0309cd58-2e63-48f8-84f8-03fe6f1569f3
02-12 23:28:54 com_github_MitjaNemec_ReplicateLayout.replicate_layout 991:Dst text UUid:d19f69dc-3a92-4164-a069-542244aed69c
02-12 23:28:54 com_github_MitjaNemec_ReplicateLayout.replicate_layout 990:Src text UUid:d1030e96-6f0c-4c5d-bc15-77b0aa198360
02-12 23:28:54 com_github_MitjaNemec_ReplicateLayout.replicate_layout 991:Dst text UUid:791508fb-baeb-4e8d-9d76-4d6b656512dd
02-12 23:28:54 com_github_MitjaNemec_ReplicateLayout.replicate_layout 888:Replicating footprint: 'D21'
02-12 23:28:54 com_github_MitjaNemec_ReplicateLayout.replicate_layout 835:Src fp.id: 'CE703733-5FE2-4E7A-AC44-07EA9E9CF8CC'
02-12 23:28:54 com_github_MitjaNemec_ReplicateLayout.replicate_layout 839:Dst fp.id: 'CE703733-5FE2-4E7A-AC44-07EA9E9CF8CC'
02-12 23:28:54 com_github_MitjaNemec_ReplicateLayout.replicate_layout 895:found match in dst footprint: 'D25'
02-12 23:28:54 com_github_MitjaNemec_ReplicateLayout.replicate_layout 990:Src text UUid:87d82ee2-624e-4ecb-a73d-111a9525bcff
02-12 23:28:54 com_github_MitjaNemec_ReplicateLayout.replicate_layout 991:Dst text UUid:354e2db2-4626-4504-9f98-cfd4532e0db4
02-12 23:28:54 com_github_MitjaNemec_ReplicateLayout.replicate_layout 990:Src text UUid:9747f915-0dd7-4056-9293-ede592841e21
02-12 23:28:54 com_github_MitjaNemec_ReplicateLayout.replicate_layout 991:Dst text UUid:0da1da6f-3afd-4f6b-8bed-5419cafa017a
02-12 23:28:54 com_github_MitjaNemec_ReplicateLayout.replicate_layout 990:Src text UUid:1024388c-f727-4638-aaf4-f31942d3bbab
02-12 23:28:54 com_github_MitjaNemec_ReplicateLayout.replicate_layout 991:Dst text UUid:1f5b1011-9e40-45f8-9403-83a190e7bb88
02-12 23:28:54 com_github_MitjaNemec_ReplicateLayout.replicate_layout 888:Replicating footprint: 'Q13'
02-12 23:28:54 com_github_MitjaNemec_ReplicateLayout.replicate_layout 835:Src fp.id: '504EDE45-BEC0-44C8-8D00-DFD20B4BFCC2'
02-12 23:28:54 com_github_MitjaNemec_ReplicateLayout.replicate_layout 839:Dst fp.id: '504EDE45-BEC0-44C8-8D00-DFD20B4BFCC2'
02-12 23:28:54 com_github_MitjaNemec_ReplicateLayout.replicate_layout 895:found match in dst footprint: 'Q15'
02-12 23:28:54 com_github_MitjaNemec_ReplicateLayout.replicate_layout 990:Src text UUid:e07d23b9-660e-4092-9048-e328a7e3846d
02-12 23:28:54 com_github_MitjaNemec_ReplicateLayout.replicate_layout 991:Dst text UUid:c02d17e4-df1a-4e01-a4ba-fcae381c1255
02-12 23:28:54 com_github_MitjaNemec_ReplicateLayout.replicate_layout 990:Src text UUid:961fd26f-aa3b-408e-9161-fba5fd25d58e
02-12 23:28:54 com_github_MitjaNemec_ReplicateLayout.replicate_layout 991:Dst text UUid:3b6541a7-dd63-4f0e-88c3-f1e305e3a484
02-12 23:28:54 com_github_MitjaNemec_ReplicateLayout.replicate_layout 990:Src text UUid:66cf9c86-a554-415c-8e0c-2261e62eb548
02-12 23:28:54 com_github_MitjaNemec_ReplicateLayout.replicate_layout 991:Dst text UUid:0c92923f-d4f3-4548-be01-cbdc79d3dded
02-12 23:28:54 com_github_MitjaNemec_ReplicateLayout.replicate_layout 888:Replicating footprint: 'D23'
02-12 23:28:54 com_github_MitjaNemec_ReplicateLayout.replicate_layout 835:Src fp.id: '4B12E89C-08AA-40F7-B602-35220839F760'
02-12 23:28:54 com_github_MitjaNemec_ReplicateLayout.replicate_layout 839:Dst fp.id: '4B12E89C-08AA-40F7-B602-35220839F760'
02-12 23:28:54 com_github_MitjaNemec_ReplicateLayout.replicate_layout 895:found match in dst footprint: 'D27'
02-12 23:28:54 com_github_MitjaNemec_ReplicateLayout.replicate_layout 990:Src text UUid:ce15c9ec-e1e5-42f0-94e2-360d26e7986c
02-12 23:28:54 com_github_MitjaNemec_ReplicateLayout.replicate_layout 991:Dst text UUid:3ddba865-5c42-4957-a025-8be0b71f7ebb
02-12 23:28:54 com_github_MitjaNemec_ReplicateLayout.replicate_layout 990:Src text UUid:b5eb8185-24b3-4eef-914c-9eae5805fe99
02-12 23:28:54 com_github_MitjaNemec_ReplicateLayout.replicate_layout 991:Dst text UUid:5cf10882-c842-49ec-bfaa-e767abafdca2
02-12 23:28:54 com_github_MitjaNemec_ReplicateLayout.replicate_layout 990:Src text UUid:2a63021e-2f27-403b-83de-f378a6972939
02-12 23:28:54 com_github_MitjaNemec_ReplicateLayout.replicate_layout 991:Dst text UUid:733762ae-a3c3-458e-bf42-121df55c5549
02-12 23:28:54 com_github_MitjaNemec_ReplicateLayout.replicate_layout 888:Replicating footprint: 'R38'
02-12 23:28:54 com_github_MitjaNemec_ReplicateLayout.replicate_layout 835:Src fp.id: '89F972FB-A6B3-4931-8C71-DC332446815E'
02-12 23:28:54 com_github_MitjaNemec_ReplicateLayout.replicate_layout 839:Dst fp.id: '89F972FB-A6B3-4931-8C71-DC332446815E'
02-12 23:28:54 com_github_MitjaNemec_ReplicateLayout.replicate_layout 895:found match in dst footprint: 'R44'
02-12 23:28:54 com_github_MitjaNemec_ReplicateLayout.replicate_layout 990:Src text UUid:24b5fc5d-ecb9-4e4f-b5c8-65f3ba650651
02-12 23:28:54 com_github_MitjaNemec_ReplicateLayout.replicate_layout 991:Dst text UUid:2aee225f-29c0-459c-b73e-1e63695ae3dc
02-12 23:28:54 com_github_MitjaNemec_ReplicateLayout.replicate_layout 990:Src text UUid:0ee93584-1f3a-4b9d-9668-3efeec09e551
02-12 23:28:54 com_github_MitjaNemec_ReplicateLayout.replicate_layout 991:Dst text UUid:cea01846-179b-41ab-b38c-7c934eccd3b1
02-12 23:28:54 com_github_MitjaNemec_ReplicateLayout.replicate_layout 990:Src text UUid:67bbd6d9-324c-47bc-aa94-e7f7a342d72f
02-12 23:28:54 com_github_MitjaNemec_ReplicateLayout.replicate_layout 991:Dst text UUid:ef27a981-075b-486c-a462-10e9feced780
02-12 23:28:54 root 340:updating GUI message: 'Replicating tracks'
02-12 23:28:54 com_github_MitjaNemec_ReplicateLayout.replicate_layout 1014:Replicating tracks
02-12 23:28:54 root 345:updating GUI with: 0
02-12 23:28:54 com_github_MitjaNemec_ReplicateLayout.replicate_layout 1020:Replicating tracks on sheet ['/IMD-Fault-Passthru/']
02-12 23:28:54 com_github_MitjaNemec_ReplicateLayout.replicate_layout 835:Src fp.id: 'CE703733-5FE2-4E7A-AC44-07EA9E9CF8CC'
02-12 23:28:54 com_github_MitjaNemec_ReplicateLayout.replicate_layout 839:Dst fp.id: 'CE703733-5FE2-4E7A-AC44-07EA9E9CF8CC'
02-12 23:28:54 com_github_MitjaNemec_ReplicateLayout.replicate_layout 792:Net pairs for sheet ['/IMD-Fault-Passthru/'] :[('GND', 'GND'), ('/BMS-FAULT', '/IMD-FAULT-VCU'), ('Net-(D24-A)', 'Net-(D28-A)'), ('Net-(D23-A)', 'Net-(D27-A)'), ('Net-(D24-K)', 'Net-(D28-K)'), ('Net-(D22-A)', 'Net-(D26-A)'), ('Net-(D21-A)', 'Net-(D25-A)'), ('/BMS-Fault-Passthru/OUTPUT', '/IMD-Fault-Passthru/OUTPUT'), ('BATT+PROT', 'BATT+PROT'), ('Net-(D22-K)', 'Net-(D26-K)'), ('/BMS-Fault-Passthru/INPUT', '/BMS-Fault-Passthru/OUTPUT')]
02-12 23:28:54 root 340:updating GUI message: 'Replicating zones'
02-12 23:28:54 com_github_MitjaNemec_ReplicateLayout.replicate_layout 1084:Replicating zones
02-12 23:28:54 com_github_MitjaNemec_ReplicateLayout.replicate_layout 1091:Replicating zones on sheet ['/IMD-Fault-Passthru/']
02-12 23:28:54 com_github_MitjaNemec_ReplicateLayout.replicate_layout 835:Src fp.id: 'CE703733-5FE2-4E7A-AC44-07EA9E9CF8CC'
02-12 23:28:54 com_github_MitjaNemec_ReplicateLayout.replicate_layout 839:Dst fp.id: 'CE703733-5FE2-4E7A-AC44-07EA9E9CF8CC'
02-12 23:28:54 com_github_MitjaNemec_ReplicateLayout.replicate_layout 792:Net pairs for sheet ['/IMD-Fault-Passthru/'] :[('GND', 'GND'), ('/BMS-FAULT', '/IMD-FAULT-VCU'), ('Net-(D24-A)', 'Net-(D28-A)'), ('Net-(D23-A)', 'Net-(D27-A)'), ('Net-(D24-K)', 'Net-(D28-K)'), ('Net-(D22-A)', 'Net-(D26-A)'), ('Net-(D21-A)', 'Net-(D25-A)'), ('/BMS-Fault-Passthru/OUTPUT', '/IMD-Fault-Passthru/OUTPUT'), ('BATT+PROT', 'BATT+PROT'), ('Net-(D22-K)', 'Net-(D26-K)'), ('/BMS-Fault-Passthru/INPUT', '/BMS-Fault-Passthru/OUTPUT')]
02-12 23:28:54 root 340:updating GUI message: 'Replicating text'
02-12 23:28:54 com_github_MitjaNemec_ReplicateLayout.replicate_layout 1173:Replicating text
02-12 23:28:54 com_github_MitjaNemec_ReplicateLayout.replicate_layout 1180:Replicating text on sheet ['/IMD-Fault-Passthru/']
02-12 23:28:54 com_github_MitjaNemec_ReplicateLayout.replicate_layout 835:Src fp.id: 'CE703733-5FE2-4E7A-AC44-07EA9E9CF8CC'
02-12 23:28:54 com_github_MitjaNemec_ReplicateLayout.replicate_layout 839:Dst fp.id: 'CE703733-5FE2-4E7A-AC44-07EA9E9CF8CC'
02-12 23:28:54 root 340:updating GUI message: 'Replicating drawings'
02-12 23:28:54 com_github_MitjaNemec_ReplicateLayout.replicate_layout 1224:Replicating drawings
02-12 23:28:54 root 345:updating GUI with: 0
02-12 23:28:54 com_github_MitjaNemec_ReplicateLayout.replicate_layout 1230:Replicating drawings on sheet ['/IMD-Fault-Passthru/']
02-12 23:28:54 com_github_MitjaNemec_ReplicateLayout.replicate_layout 835:Src fp.id: 'CE703733-5FE2-4E7A-AC44-07EA9E9CF8CC'
02-12 23:28:54 com_github_MitjaNemec_ReplicateLayout.replicate_layout 839:Dst fp.id: 'CE703733-5FE2-4E7A-AC44-07EA9E9CF8CC'
02-12 23:28:54 com_github_MitjaNemec_ReplicateLayout.action_replicate_layout 264:Replication complete
